SF:lib\app\domain\models\films_model\films_quiz_model.dart
DA:12,1
DA:13,1
DA:25,1
DA:26,1
LF:4
LH:4
end_of_record
SF:lib\app\domain\models\films_model\films_quiz_model.g.dart
DA:9,1
DA:10,1
DA:11,1
DA:12,3
DA:13,1
DA:16,1
DA:18,1
DA:19,1
DA:22,1
DA:23,1
DA:24,1
DA:25,1
DA:26,1
DA:27,1
DA:30,1
DA:31,1
DA:32,1
DA:33,1
DA:34,1
DA:35,1
LF:20
LH:20
end_of_record
SF:lib\app\domain\models\games_model\games_quiz_model.dart
DA:12,1
DA:13,1
DA:25,1
DA:26,1
LF:4
LH:4
end_of_record
SF:lib\app\domain\models\games_model\games_quiz_model.g.dart
DA:9,1
DA:10,1
DA:11,1
DA:12,3
DA:13,1
DA:16,1
DA:18,1
DA:19,1
DA:22,1
DA:23,1
DA:24,1
DA:25,1
DA:26,1
DA:27,1
DA:30,1
DA:31,1
DA:32,1
DA:33,1
DA:34,1
DA:35,1
LF:20
LH:20
end_of_record
SF:lib\app\domain\models\general_model\general_quiz_model.dart
DA:12,1
DA:13,1
DA:25,1
DA:26,1
LF:4
LH:4
end_of_record
SF:lib\app\domain\models\general_model\general_quiz_model.g.dart
DA:9,1
DA:11,1
DA:12,1
DA:13,3
DA:14,1
DA:17,1
DA:19,1
DA:20,1
DA:23,1
DA:24,1
DA:25,1
DA:26,1
DA:27,1
DA:28,1
DA:31,1
DA:32,1
DA:33,1
DA:34,1
DA:35,1
DA:36,1
LF:20
LH:20
end_of_record
SF:lib\app\domain\models\geography_model\geography_quiz_model.dart
DA:12,1
DA:13,1
DA:33,1
DA:34,1
LF:4
LH:4
end_of_record
SF:lib\app\domain\models\geography_model\geography_quiz_model.g.dart
DA:9,1
DA:11,1
DA:12,1
DA:13,3
DA:14,1
DA:17,1
DA:19,1
DA:20,1
DA:23,1
DA:24,1
DA:25,1
DA:26,1
DA:27,1
DA:28,1
DA:31,1
DA:32,1
DA:33,1
DA:34,1
DA:35,1
DA:36,1
LF:20
LH:20
end_of_record
SF:lib\app\domain\models\history_model\history_quiz_model.dart
DA:12,1
DA:13,1
DA:25,1
DA:26,1
LF:4
LH:4
end_of_record
SF:lib\app\domain\models\history_model\history_quiz_model.g.dart
DA:9,1
DA:11,1
DA:12,1
DA:13,3
DA:14,1
DA:17,1
DA:19,1
DA:20,1
DA:23,1
DA:24,1
DA:25,1
DA:26,1
DA:27,1
DA:28,1
DA:31,1
DA:32,1
DA:33,1
DA:34,1
DA:35,1
DA:36,1
LF:20
LH:20
end_of_record
SF:lib\app\domain\models\music_model\music_quiz_model.dart
DA:12,1
DA:13,1
DA:25,1
DA:26,1
LF:4
LH:4
end_of_record
SF:lib\app\domain\models\music_model\music_quiz_model.g.dart
DA:9,1
DA:10,1
DA:11,1
DA:12,3
DA:13,1
DA:16,1
DA:18,1
DA:19,1
DA:22,1
DA:23,1
DA:24,1
DA:25,1
DA:26,1
DA:27,1
DA:30,1
DA:31,1
DA:32,1
DA:33,1
DA:34,1
DA:35,1
LF:20
LH:20
end_of_record
SF:lib\app\domain\models\nature_model\nature_quiz_model.dart
DA:12,1
DA:13,1
DA:25,1
DA:26,1
LF:4
LH:4
end_of_record
SF:lib\app\domain\models\nature_model\nature_quiz_model.g.dart
DA:9,1
DA:11,1
DA:12,1
DA:13,3
DA:14,1
DA:17,1
DA:19,1
DA:20,1
DA:23,1
DA:24,1
DA:25,1
DA:26,1
DA:27,1
DA:28,1
DA:31,1
DA:32,1
DA:33,1
DA:34,1
DA:35,1
DA:36,1
LF:20
LH:20
end_of_record
SF:lib\app\domain\models\sports_model\sports_quiz_model.dart
DA:12,1
DA:13,1
DA:18,2
DA:26,1
DA:27,1
LF:5
LH:5
end_of_record
SF:lib\app\domain\models\sports_model\sports_quiz_model.g.dart
DA:9,1
DA:11,1
DA:12,1
DA:13,3
DA:14,1
DA:17,1
DA:19,1
DA:20,1
DA:23,1
DA:24,1
DA:25,1
DA:26,1
DA:27,1
DA:28,1
DA:31,1
DA:32,1
DA:33,1
DA:34,1
DA:35,1
DA:36,1
LF:20
LH:20
end_of_record
SF:lib\app\domain\models\tv_model\tv_quiz_model.dart
DA:12,1
DA:13,1
DA:18,2
DA:26,1
DA:27,1
LF:5
LH:5
end_of_record
SF:lib\app\domain\models\tv_model\tv_quiz_model.g.dart
DA:9,1
DA:10,1
DA:11,1
DA:12,3
DA:13,1
DA:16,1
DA:17,1
DA:18,1
DA:21,1
DA:22,1
DA:23,1
DA:24,1
DA:25,1
DA:26,1
DA:29,1
DA:30,1
DA:31,1
DA:32,1
DA:33,1
DA:34,1
LF:20
LH:20
end_of_record
SF:lib\app\domain\models\user_model\user_model.dart
DA:25,3
LF:1
LH:1
end_of_record
SF:lib\app\domain\repositories\achievement_repository\achievement_repository.dart
DA:7,1
DA:11,1
DA:12,2
DA:14,2
DA:15,1
DA:16,1
DA:17,1
DA:18,1
DA:19,1
DA:20,1
DA:21,1
DA:22,1
DA:27,1
DA:28,2
DA:31,1
DA:32,2
DA:35,1
DA:36,2
DA:39,1
DA:40,2
DA:43,1
DA:44,2
DA:47,1
DA:48,2
DA:51,1
DA:52,2
LF:26
LH:26
end_of_record
SF:lib\app\domain\repositories\quiz_repository\quiz_repository.dart
DA:16,1
DA:24,1
DA:25,2
DA:28,1
DA:29,2
DA:32,1
DA:33,2
DA:38,1
DA:39,2
DA:48,1
DA:49,2
DA:58,1
DA:59,2
DA:70,1
DA:71,2
DA:80,1
DA:81,2
DA:90,1
DA:91,2
DA:102,1
DA:103,2
DA:112,1
DA:113,2
DA:122,1
DA:123,2
DA:134,1
DA:135,2
DA:144,1
DA:145,2
DA:154,1
DA:155,2
DA:166,1
DA:167,2
DA:176,1
DA:177,2
DA:186,1
DA:187,2
DA:197,1
DA:198,2
DA:207,1
DA:208,2
DA:217,1
DA:218,2
DA:228,1
DA:229,2
DA:238,1
DA:239,2
DA:248,1
DA:249,2
DA:259,1
DA:260,2
DA:269,1
DA:270,2
DA:279,1
DA:280,2
LF:55
LH:55
end_of_record
SF:lib\app\domain\repositories\ranking_respository\ranking_repository.dart
DA:7,1
DA:11,1
DA:12,4
DA:14,3
DA:15,2
DA:16,2
DA:17,2
DA:18,2
DA:19,2
DA:20,2
DA:21,2
DA:22,2
DA:23,2
DA:24,2
DA:25,2
DA:26,2
DA:27,2
DA:28,2
DA:29,2
DA:30,2
DA:31,2
DA:32,2
DA:33,2
DA:34,2
DA:35,2
DA:36,2
DA:37,2
DA:38,2
DA:39,2
DA:40,2
DA:41,1
DA:42,1
DA:43,1
DA:44,1
DA:45,1
DA:46,1
DA:47,1
DA:48,1
DA:49,1
DA:50,1
DA:51,1
DA:52,1
DA:53,1
DA:54,1
DA:55,1
DA:56,1
DA:57,1
DA:58,1
DA:59,1
DA:60,1
DA:61,1
DA:62,1
DA:63,1
DA:64,1
DA:65,1
DA:66,1
DA:67,1
DA:68,1
DA:69,1
DA:70,1
DA:71,1
DA:75,1
DA:76,2
DA:80,1
DA:81,1
DA:82,1
DA:85,1
DA:87,1
DA:88,1
DA:91,1
DA:92,1
DA:93,1
DA:98,1
DA:99,1
DA:100,1
DA:103,1
DA:105,1
DA:106,1
DA:109,1
DA:110,1
DA:111,1
DA:115,1
DA:117,1
DA:118,1
DA:121,1
DA:123,1
DA:124,1
DA:127,1
DA:129,1
DA:130,1
DA:134,1
DA:136,1
DA:137,1
DA:140,1
DA:142,1
DA:143,1
DA:146,1
DA:148,1
DA:149,1
DA:153,1
DA:154,1
DA:155,1
DA:158,1
DA:160,1
DA:161,1
DA:164,1
DA:165,1
DA:166,1
DA:170,1
DA:172,1
DA:173,1
DA:176,1
DA:178,1
DA:179,1
DA:182,1
DA:184,1
DA:185,1
DA:189,1
DA:190,1
DA:191,1
DA:194,1
DA:196,1
DA:197,1
DA:200,1
DA:201,1
DA:202,1
DA:206,1
DA:207,2
DA:210,1
DA:211,2
DA:214,1
DA:215,2
DA:219,1
DA:221,1
DA:222,1
DA:225,1
DA:227,1
DA:228,1
DA:231,1
DA:233,1
DA:234,1
LF:141
LH:141
end_of_record
SF:lib\app\features\home_page\cubit\home_cubit.dart
DA:33,1
DA:34,1
DA:40,1
DA:41,4
DA:45,5
DA:47,2
DA:48,2
DA:51,4
DA:57,2
DA:58,1
DA:59,3
DA:61,1
DA:67,1
DA:68,1
DA:69,3
DA:74,1
DA:75,4
DA:76,4
DA:80,1
DA:82,2
DA:83,1
DA:84,3
DA:85,1
DA:92,1
DA:94,2
DA:95,1
DA:96,3
DA:101,1
DA:103,1
DA:104,3
DA:106,1
DA:112,1
DA:114,2
DA:115,1
DA:116,3
DA:121,1
DA:123,1
DA:124,3
DA:126,1
DA:132,1
DA:134,2
DA:135,1
DA:136,3
DA:141,1
DA:143,1
DA:144,3
DA:146,1
DA:152,1
DA:154,2
DA:155,1
DA:156,3
DA:161,1
DA:163,1
DA:164,3
DA:166,1
DA:172,1
DA:174,2
DA:175,1
DA:176,3
DA:181,1
DA:183,1
DA:184,3
DA:186,1
DA:192,1
DA:194,2
DA:195,1
DA:196,3
DA:201,1
DA:203,1
DA:204,3
DA:206,1
LF:71
LH:71
end_of_record
SF:lib\app\features\home_page\ranking_widget\cubit\ranking_cubit.dart
DA:16,3
DA:21,1
DA:22,2
DA:26,5
DA:27,2
DA:32,2
DA:33,1
DA:34,1
DA:36,1
DA:42,1
DA:44,2
DA:46,2
DA:50,2
DA:52,1
DA:57,1
DA:59,2
DA:61,2
DA:65,2
DA:67,1
DA:72,1
DA:74,2
DA:76,2
DA:80,2
DA:82,1
DA:87,1
DA:89,2
DA:91,2
DA:95,2
DA:97,1
DA:102,1
DA:104,2
DA:106,2
DA:110,2
DA:112,1
DA:117,1
DA:119,2
DA:121,2
DA:125,2
DA:127,1
DA:132,1
DA:134,2
DA:136,2
DA:140,2
DA:142,1
DA:147,1
DA:149,1
DA:150,1
DA:152,2
DA:156,2
DA:158,1
DA:163,1
DA:165,2
DA:167,2
DA:171,2
DA:173,1
DA:178,1
DA:180,1
DA:181,1
DA:183,2
DA:187,2
DA:189,1
DA:194,1
DA:197,1
DA:198,1
DA:200,2
DA:204,2
DA:206,1
DA:211,1
DA:213,1
DA:214,1
DA:216,2
DA:220,2
DA:222,1
DA:227,1
DA:229,2
DA:231,2
DA:235,2
DA:237,1
DA:242,1
DA:244,1
DA:245,1
DA:247,2
DA:251,2
DA:253,1
DA:258,1
DA:260,2
DA:262,2
DA:266,2
DA:268,1
DA:273,1
DA:275,2
DA:277,2
DA:281,2
DA:283,1
DA:288,1
DA:290,2
DA:292,2
DA:296,2
DA:298,1
DA:303,1
DA:305,2
DA:307,2
DA:311,2
DA:313,1
DA:318,1
DA:320,2
DA:322,2
DA:326,2
DA:328,1
DA:333,1
DA:335,1
DA:336,1
DA:338,2
DA:342,2
DA:344,1
DA:349,1
DA:351,2
DA:353,2
DA:357,2
DA:359,1
DA:364,1
DA:366,2
DA:368,2
DA:372,2
DA:374,1
DA:379,1
DA:381,2
DA:383,2
DA:387,2
DA:389,1
DA:394,1
DA:396,2
DA:398,2
DA:402,2
DA:404,1
DA:409,1
DA:411,2
DA:413,2
DA:417,2
DA:419,1
DA:424,1
DA:426,2
DA:428,2
DA:432,2
DA:434,1
DA:439,1
DA:441,2
DA:443,2
DA:447,2
DA:449,1
LF:150
LH:150
end_of_record
SF:lib\app\features\quiz_pages\films_quiz_pages\cubit\films_cubit.dart
DA:14,3
DA:19,1
DA:20,2
DA:24,2
DA:26,2
DA:31,2
DA:33,1
DA:38,1
DA:39,2
DA:43,2
DA:45,2
DA:50,2
DA:52,1
DA:57,1
DA:58,2
DA:62,2
DA:64,2
DA:69,2
DA:71,1
DA:76,1
DA:78,2
DA:80,2
DA:84,2
DA:86,1
DA:91,1
DA:93,2
DA:95,2
DA:99,2
DA:101,1
DA:106,1
DA:108,2
DA:110,2
DA:114,2
DA:116,1
LF:34
LH:34
end_of_record
SF:lib\app\features\quiz_pages\games_quiz_pages\cubit\games_cubit.dart
DA:14,3
DA:19,1
DA:20,2
DA:25,2
DA:26,2
DA:31,2
DA:33,1
DA:38,1
DA:39,2
DA:43,2
DA:45,2
DA:50,2
DA:52,1
DA:57,1
DA:58,2
DA:62,2
DA:64,2
DA:69,2
DA:71,1
DA:76,1
DA:78,2
DA:80,2
DA:84,2
DA:86,1
DA:91,1
DA:93,2
DA:95,2
DA:99,2
DA:101,1
DA:106,1
DA:108,2
DA:110,2
DA:114,2
DA:116,1
LF:34
LH:34
end_of_record
SF:lib\app\features\quiz_pages\general_quiz_pages\cubit\general_cubit.dart
DA:15,1
DA:16,2
DA:21,1
DA:22,2
DA:26,2
DA:28,2
DA:33,2
DA:35,1
DA:40,1
DA:41,2
DA:45,2
DA:47,2
DA:52,2
DA:54,1
DA:59,1
DA:60,2
DA:64,2
DA:66,2
DA:71,2
DA:73,1
DA:78,1
DA:80,2
DA:82,2
DA:86,2
DA:88,1
DA:93,1
DA:95,2
DA:97,2
DA:101,2
DA:103,1
DA:108,1
DA:110,2
DA:112,2
DA:116,2
DA:118,1
LF:35
LH:35
end_of_record

SF:lib\app\features\quiz_pages\geography_quiz_pages\cubit\geography_cubit.dart
DA:16,1
DA:17,2
DA:22,1
DA:23,2
DA:27,2
DA:29,2
DA:34,2
DA:36,1
DA:41,1
DA:42,2
DA:46,2
DA:48,2
DA:53,2
DA:55,1
DA:60,1
DA:61,2
DA:65,2
DA:67,2
DA:72,2
DA:74,1
DA:79,1
DA:81,2
DA:83,2
DA:87,2
DA:89,1
DA:94,1
DA:96,2
DA:98,2
DA:102,2
DA:104,1
DA:109,1
DA:111,2
DA:113,2
DA:117,2
DA:119,1
LF:35
LH:35
end_of_record

SF:lib\app\features\quiz_pages\history_quiz_pages\cubit\history_cubit.dart
DA:16,3
DA:21,1
DA:22,2
DA:26,2
DA:28,2
DA:33,2
DA:35,1
DA:40,1
DA:41,2
DA:45,2
DA:47,2
DA:52,2
DA:54,1
DA:59,1
DA:60,2
DA:64,2
DA:66,2
DA:71,2
DA:73,1
DA:78,1
DA:80,2
DA:82,2
DA:86,2
DA:88,1
DA:93,1
DA:95,2
DA:97,2
DA:101,2
DA:103,1
DA:108,1
DA:110,2
DA:112,2
DA:116,2
DA:118,1
LF:34
LH:34
end_of_record
SF:lib\app\features\quiz_pages\music_quiz_pages\cubit\music_cubit.dart
DA:16,3
DA:21,1
DA:22,2
DA:26,2
DA:28,2
DA:33,2
DA:35,1
DA:40,1
DA:41,2
DA:45,2
DA:47,2
DA:52,2
DA:54,1
DA:59,1
DA:60,2
DA:64,2
DA:66,2
DA:71,2
DA:73,1
DA:78,1
DA:80,2
DA:82,2
DA:86,2
DA:88,1
DA:93,1
DA:95,2
DA:97,2
DA:101,2
DA:103,1
DA:108,1
DA:110,2
DA:112,2
DA:116,2
DA:118,1
LF:34
LH:34
end_of_record
SF:lib\app\features\quiz_pages\nature_quiz_pages\cubit\nature_cubit.dart
DA:17,3
DA:22,1
DA:23,2
DA:27,2
DA:29,2
DA:34,2
DA:36,1
DA:41,1
DA:42,2
DA:46,2
DA:48,2
DA:53,2
DA:55,1
DA:60,1
DA:61,2
DA:65,2
DA:67,2
DA:72,2
DA:74,1
DA:79,1
DA:81,2
DA:83,2
DA:87,2
DA:89,1
DA:94,1
DA:96,2
DA:98,2
DA:102,2
DA:104,1
DA:109,1
DA:111,2
DA:113,2
DA:117,2
DA:119,1
LF:34
LH:34
end_of_record

SF:lib\app\features\quiz_pages\sports_quiz_pages\cubit\sport_cubit.dart
DA:17,3
DA:22,1
DA:23,2
DA:27,2
DA:29,2
DA:34,2
DA:36,1
DA:41,1
DA:42,2
DA:46,2
DA:48,2
DA:53,2
DA:55,1
DA:60,1
DA:61,2
DA:65,2
DA:67,2
DA:72,2
DA:74,1
DA:79,1
DA:81,2
DA:83,2
DA:87,2
DA:89,1
DA:94,1
DA:96,2
DA:98,2
DA:102,2
DA:104,1
DA:109,1
DA:111,2
DA:113,2
DA:117,2
DA:119,1
LF:34
LH:34
end_of_record
SF:lib\app\features\quiz_pages\tv_quiz_pages\cubit\tv_cubit.dart
DA:17,3
DA:22,1
DA:23,2
DA:27,2
DA:29,2
DA:34,2
DA:36,1
DA:41,1
DA:42,2
DA:46,2
DA:48,2
DA:53,2
DA:55,1
DA:60,1
DA:61,2
DA:65,2
DA:67,2
DA:72,2
DA:74,1
DA:79,1
DA:81,2
DA:83,2
DA:87,2
DA:89,1
DA:94,1
DA:96,2
DA:98,2
DA:102,2
DA:104,1
DA:109,1
DA:111,2
DA:113,2
DA:117,2
DA:119,1
LF:34
LH:34
end_of_record
SF:lib\app\features\user_page\achievements\cubit\achievements_cubit.dart
DA:16,3
DA:21,1
DA:22,1
DA:23,1
DA:28,1
DA:29,4
DA:30,2
DA:35,2
DA:36,1
DA:37,1
DA:38,1
LF:11
LH:11
end_of_record
SF:lib\app\features\user_page\cubit\user_cubit.dart
DA:16,1
DA:17,1
DA:18,1
DA:26,1
DA:27,2
DA:31,5
DA:32,2
DA:37,2
DA:38,1
DA:39,1
DA:41,1
DA:47,1
DA:49,2
DA:50,1
DA:51,1
DA:57,1
DA:58,1
DA:60,1
DA:66,1
DA:69,2
DA:74,2
DA:75,1
DA:76,1
DA:82,1
DA:83,1
DA:85,1
DA:91,1
DA:94,2
DA:99,2
DA:100,1
DA:101,1
DA:107,1
DA:108,1
DA:110,1
DA:116,1
DA:119,2
DA:124,2
DA:125,1
DA:126,1
DA:132,1
DA:133,1
DA:135,1
DA:141,1
DA:144,2
DA:149,2
DA:150,1
DA:151,1
DA:157,1
DA:158,1
DA:160,1
DA:166,1
DA:169,2
DA:174,2
DA:175,1
DA:176,1
DA:182,1
DA:183,1
DA:185,1
DA:191,1
DA:192,2
DA:197,2
DA:198,1
DA:199,1
DA:205,1
DA:206,1
DA:208,1
DA:214,1
DA:216,2
DA:217,1
LF:69
LH:69
end_of_record
